<?xml version="1.0" encoding="UTF-8"?>
<!-- Generated by org.testng.reporters.JUnitReportReporter -->
<testsuite hostname="AS-PC-23" failures="0" tests="4" name="testcases.LoginTestCases" time="4.797" errors="0" timestamp="2025-02-04T11:55:35 IST" skipped="0">
  <testcase classname="testcases.LoginTestCases" name="verifySuccessfulLogin" time="4.285"/>
  <system-out/>
  <testcase classname="testcases.LoginTestCases" name="verifyLoginWithIncorrectPassword" time="0.265"/>
  <system-out/>
  <testcase classname="testcases.LoginTestCases" name="verifyLoginWithIncorrectEmail" time="0.167"/>
  <system-out/>
  <testcase classname="testcases.LoginTestCases" name="verifyLoginWithEmptyCredentials" time="0.080"/>
  <system-out/>
</testsuite> <!-- testcases.LoginTestCases -->
