<?xml version="1.0" encoding="UTF-8"?>
<!-- Generated by org.testng.reporters.JUnitReportReporter -->
<testsuite hostname="Siku" failures="0" tests="1" name="testcases.projects.CreateProjectTestCases" time="3.792" errors="0" timestamp="2025-02-18T21:36:18 IST" skipped="0">
  <testcase classname="testcases.projects.CreateProjectTestCases" name="verifyCreateProject" time="3.792"/>
  <system-out/>
</testsuite> <!-- testcases.projects.CreateProjectTestCases -->
