<?xml version="1.0" encoding="UTF-8"?>
<!-- Generated by org.testng.reporters.JUnitReportReporter -->
<testsuite hostname="AS-PC-23" failures="0" tests="1" name="testcases.users.GetTenantTestCases" time="0.205" errors="0" timestamp="2024-08-05T12:24:38 IST" skipped="0">
  <testcase classname="testcases.users.GetTenantTestCases" name="getCurrentTenant" time="0.205"/>
  <system-out/>
</testsuite> <!-- testcases.users.GetTenantTestCases -->
