<?xml version="1.0" encoding="UTF-8"?>
<!-- Generated by org.testng.reporters.JUnitReportReporter -->
<testsuite hostname="AS-PC-23" failures="0" tests="5" name="testcases.projects.GetProjectIdTestCases" time="1.991" errors="0" timestamp="2025-02-04T11:55:35 IST" skipped="0">
  <testcase classname="testcases.projects.GetProjectIdTestCases" name="verifyGetProjectDetails" time="0.085"/>
  <system-out/>
  <testcase classname="testcases.projects.GetProjectIdTestCases" name="verifyGetProjectDetailsWithInvalidAccessToken" time="0.380"/>
  <system-out/>
  <testcase classname="testcases.projects.GetProjectIdTestCases" name="verifyGetProjectDetailsWithInvalidTenantId" time="0.452"/>
  <system-out/>
  <testcase classname="testcases.projects.GetProjectIdTestCases" name="verifyGetProjectDetailsWithoutAccessToken" time="0.045"/>
  <system-out/>
  <testcase classname="testcases.projects.GetProjectIdTestCases" name="verifyGetProjectDetailsWithInvalidProjectIds" time="1.029"/>
  <system-out/>
</testsuite> <!-- testcases.projects.GetProjectIdTestCases -->
