<?xml version="1.0" encoding="UTF-8"?>
<!-- Generated by org.testng.reporters.JUnitReportReporter -->
<testsuite hostname="AS-PC-23" failures="0" tests="1" name="testcases.users.InviteNewUserTestCases" time="6.192" errors="0" timestamp="2024-08-05T10:52:23 IST" skipped="0">
  <testcase classname="testcases.users.InviteNewUserTestCases" name="inviteUserPositiveCase" time="6.192"/>
  <system-out/>
</testsuite> <!-- testcases.users.InviteNewUserTestCases -->
