<?xml version="1.0" encoding="UTF-8"?>
<!-- Generated by org.testng.reporters.JUnitReportReporter -->
<testsuite hostname="AS-PC-23" failures="0" tests="5" name="testcases.projects.GetProjectBudgetTestCases" time="0.377" errors="0" timestamp="2025-02-04T11:55:35 IST" skipped="0">
  <testcase classname="testcases.projects.GetProjectBudgetTestCases" name="verifyGetProjectBudget" time="0.078"/>
  <system-out/>
  <testcase classname="testcases.projects.GetProjectBudgetTestCases" name="verifyGetProjectBudgetWithInvalidProjectIds" time="0.152"/>
  <system-out/>
  <testcase classname="testcases.projects.GetProjectBudgetTestCases" name="verifyGetProjectBudgetWithInvalidAccessToken" time="0.032"/>
  <system-out/>
  <testcase classname="testcases.projects.GetProjectBudgetTestCases" name="verifyGetProjectBudgetWithInvalidTenantId" time="0.054"/>
  <system-out/>
  <testcase classname="testcases.projects.GetProjectBudgetTestCases" name="verifyGetProjectBudgetWithoutAccessToken" time="0.061"/>
  <system-out/>
</testsuite> <!-- testcases.projects.GetProjectBudgetTestCases -->
