<?xml version="1.0" encoding="UTF-8"?>
<!-- Generated by org.testng.reporters.JUnitReportReporter -->
<testsuite hostname="AS-PC-23" failures="0" tests="1" name="testcases.projects.GetProjectBoardByStatusTestCases" time="0.210" errors="0" timestamp="2024-07-22T16:28:11 IST" skipped="0">
  <testcase classname="testcases.projects.GetProjectBoardByStatusTestCases" name="verifyGetProjectBoardByStatusWithInvalidAccessToken" time="0.210"/>
  <system-out/>
</testsuite> <!-- testcases.projects.GetProjectBoardByStatusTestCases -->
