<?xml version="1.0" encoding="UTF-8"?>
<!-- Generated by org.testng.reporters.JUnitReportReporter -->
<testsuite hostname="AS-PC-23" failures="0" tests="1" name="testcases.milestones_tasks.CreateMilestoneTaskTestCases" time="0.719" errors="0" timestamp="2024-07-26T14:48:39 IST" skipped="0">
  <testcase classname="testcases.milestones_tasks.CreateMilestoneTaskTestCases" name="testCreateMilestoneTaskPositiveCase" time="0.719"/>
  <system-out/>
</testsuite> <!-- testcases.milestones_tasks.CreateMilestoneTaskTestCases -->
