<?xml version="1.0" encoding="UTF-8"?>
<!-- Generated by org.testng.reporters.JUnitReportReporter -->
<testsuite hostname="AS-PC-23" failures="0" tests="1" name="testcases.milestones_tasks.GetMilestoneTaskTestCases" time="0.132" errors="0" timestamp="2024-07-26T14:10:48 IST" skipped="0">
  <testcase classname="testcases.milestones_tasks.GetMilestoneTaskTestCases" name="testGetMilestoneTaskWithoutAuthorization" time="0.132"/>
  <system-out/>
</testsuite> <!-- testcases.milestones_tasks.GetMilestoneTaskTestCases -->
