<?xml version="1.0" encoding="UTF-8"?>
<!-- Generated by org.testng.reporters.JUnitReportReporter -->
<testsuite hostname="AS-PC-23" failures="0" tests="1" name="testcases.users.GetTenantOwnerTestCases" time="0.165" errors="0" timestamp="2024-08-05T12:55:01 IST" skipped="0">
  <testcase classname="testcases.users.GetTenantOwnerTestCases" name="getCurrentTenantWithoutAuthorization" time="0.165"/>
  <system-out/>
</testsuite> <!-- testcases.users.GetTenantOwnerTestCases -->
