<?xml version="1.0" encoding="UTF-8"?>
<!-- Generated by org.testng.reporters.JUnitReportReporter -->
<testsuite hostname="Siku" failures="0" tests="4" name="testcases.LoginTestCases" time="89.012" errors="0" timestamp="2025-02-21T15:52:29 IST" skipped="0">
  <testcase classname="testcases.LoginTestCases" name="verifySuccessfulLogin" time="25.626"/>
  <system-out/>
  <testcase classname="testcases.LoginTestCases" name="verifyLoginWithIncorrectPassword" time="21.168"/>
  <system-out/>
  <testcase classname="testcases.LoginTestCases" name="verifyLoginWithIncorrectEmail" time="21.104"/>
  <system-out/>
  <testcase classname="testcases.LoginTestCases" name="verifyLoginWithEmptyCredentials" time="21.114"/>
  <system-out/>
</testsuite> <!-- testcases.LoginTestCases -->
