<?xml version="1.0" encoding="UTF-8"?>
<!-- Generated by org.testng.reporters.JUnitReportReporter -->
<testsuite hostname="AS-PC-23" failures="0" tests="5" name="testcases.projects.DeleteProjectBudgetTestCases" time="0.370" errors="0" timestamp="2025-02-04T11:55:35 IST" skipped="0">
  <testcase classname="testcases.projects.DeleteProjectBudgetTestCases" name="verifyDeleteProjectBudget" time="0.077"/>
  <system-out/>
  <testcase classname="testcases.projects.DeleteProjectBudgetTestCases" name="verifyDeleteProjectBudgetWithInvalidProjectIds" time="0.181"/>
  <system-out/>
  <testcase classname="testcases.projects.DeleteProjectBudgetTestCases" name="verifyDeleteProjectBudgetWithInvalidAccessToken" time="0.036"/>
  <system-out/>
  <testcase classname="testcases.projects.DeleteProjectBudgetTestCases" name="verifyDeleteProjectBudgetWithInvalidTenantId" time="0.034"/>
  <system-out/>
  <testcase classname="testcases.projects.DeleteProjectBudgetTestCases" name="verifyDeleteProjectBudgetWithoutAccessToken" time="0.042"/>
  <system-out/>
</testsuite> <!-- testcases.projects.DeleteProjectBudgetTestCases -->
