<?xml version="1.0" encoding="UTF-8"?>
<!-- Generated by org.testng.reporters.JUnitReportReporter -->
<testsuite hostname="AS-PC-23" failures="0" tests="1" name="testcases.tasks.TasksSearchTestCases" time="0.166" errors="0" timestamp="2024-07-23T17:55:58 IST" skipped="0">
  <testcase classname="testcases.tasks.TasksSearchTestCases" name="searchTasksInvalidProjectIdABC" time="0.166"/>
  <system-out/>
</testsuite> <!-- testcases.tasks.TasksSearchTestCases -->
