<?xml version="1.0" encoding="UTF-8"?>
<!-- Generated by org.testng.reporters.JUnitReportReporter -->
<testsuite hostname="AS-PC-23" failures="0" tests="5" name="testcases.projects.DeleteProjectManagerTestCases" time="0.396" errors="0" timestamp="2025-02-04T11:55:35 IST" skipped="0">
  <testcase classname="testcases.projects.DeleteProjectManagerTestCases" name="verifyDeleteProjectManager" time="0.076"/>
  <system-out/>
  <testcase classname="testcases.projects.DeleteProjectManagerTestCases" name="verifyDeleteProjectManagerWithInvalidAccessToken" time="0.034"/>
  <system-out/>
  <testcase classname="testcases.projects.DeleteProjectManagerTestCases" name="verifyDeleteProjectManagerWithInvalidTenantId" time="0.035"/>
  <system-out/>
  <testcase classname="testcases.projects.DeleteProjectManagerTestCases" name="verifyDeleteProjectManagerWithoutAccessToken" time="0.042"/>
  <system-out/>
  <testcase classname="testcases.projects.DeleteProjectManagerTestCases" name="verifyDeleteProjectManagerWithInvalidProjectIds" time="0.209"/>
  <system-out/>
</testsuite> <!-- testcases.projects.DeleteProjectManagerTestCases -->
