<?xml version="1.0" encoding="UTF-8"?>
<!-- Generated by org.testng.reporters.JUnitReportReporter -->
<testsuite hostname="AS-PC-23" failures="0" tests="1" name="testcases.users.GetUserProfileTestCases" time="0.161" errors="0" timestamp="2024-07-26T16:14:53 IST" skipped="0">
  <testcase classname="testcases.users.GetUserProfileTestCases" name="testGetUserProfileWithoutAuthorization" time="0.161"/>
  <system-out/>
</testsuite> <!-- testcases.users.GetUserProfileTestCases -->
