<?xml version="1.0" encoding="UTF-8"?>
<!-- Generated by org.testng.reporters.JUnitReportReporter -->
<testsuite hostname="AS-PC-23" failures="0" tests="1" name="testcases.tasks.CreateTaskTestCases" time="0.735" errors="0" timestamp="2024-07-23T16:30:07 IST" skipped="0">
  <testcase classname="testcases.tasks.CreateTaskTestCases" name="createTaskWithInvalidTenantId" time="0.735"/>
  <system-out/>
</testsuite> <!-- testcases.tasks.CreateTaskTestCases -->
