<?xml version="1.0" encoding="UTF-8"?>
<!-- Generated by org.testng.reporters.JUnitReportReporter -->
<testsuite hostname="AS-PC-23" failures="0" tests="3" name="testcases.projects.GetProjectCardViewTestCases" time="0.388" errors="0" timestamp="2025-02-04T11:55:35 IST" skipped="0">
  <testcase classname="testcases.projects.GetProjectCardViewTestCases" name="verifyGetProjectCardView" time="0.245"/>
  <system-out/>
  <testcase classname="testcases.projects.GetProjectCardViewTestCases" name="verifyGetProjectCardViewWithInvalidToken" time="0.070"/>
  <system-out/>
  <testcase classname="testcases.projects.GetProjectCardViewTestCases" name="verifyGetProjectCardViewWithoutTenantId" time="0.073"/>
  <system-out/>
</testsuite> <!-- testcases.projects.GetProjectCardViewTestCases -->
