<?xml version="1.0" encoding="UTF-8"?>
<!-- Generated by org.testng.reporters.JUnitReportReporter -->
<testsuite hostname="AS-PC-23" failures="0" tests="1" name="testcases.milestones.CreateMilestoneTestCases" time="0.809" errors="0" timestamp="2024-07-26T10:51:30 IST" skipped="0">
  <testcase classname="testcases.milestones.CreateMilestoneTestCases" name="verifyCreateMilestone" time="0.809"/>
  <system-out/>
</testsuite> <!-- testcases.milestones.CreateMilestoneTestCases -->
