<?xml version="1.0" encoding="UTF-8"?>
<!-- Generated by org.testng.reporters.JUnitReportReporter -->
<testsuite hostname="AS-PC-23" failures="0" tests="1" name="testcases.users.GetAllSkillsTestCases" time="0.210" errors="0" timestamp="2024-08-05T14:32:47 IST" skipped="0">
  <testcase classname="testcases.users.GetAllSkillsTestCases" name="getAllSkillsSuccessfully" time="0.210"/>
  <system-out/>
</testsuite> <!-- testcases.users.GetAllSkillsTestCases -->
