<?xml version="1.0" encoding="UTF-8"?>
<!-- Generated by org.testng.reporters.JUnitReportReporter -->
<testsuite hostname="AS-PC-23" failures="0" tests="1" name="testcases.users.UpdateTenantTestCases" time="0.848" errors="0" timestamp="2024-08-05T12:50:05 IST" skipped="0">
  <testcase classname="testcases.users.UpdateTenantTestCases" name="updateCurrentTenantWithoutAuthorization" time="0.848"/>
  <system-out/>
</testsuite> <!-- testcases.users.UpdateTenantTestCases -->
