<?xml version="1.0" encoding="UTF-8"?>
<!-- Generated by org.testng.reporters.JUnitReportReporter -->
<testsuite hostname="AS-PC-23" failures="0" tests="1" name="testcases.users.UpdateProfilePhotoTestCases" time="0.026" errors="0" timestamp="2024-07-26T18:17:43 IST" skipped="0">
  <testcase classname="testcases.users.UpdateProfilePhotoTestCases" name="uploadProfilePhotoNoFile" time="0.026"/>
  <system-out/>
</testsuite> <!-- testcases.users.UpdateProfilePhotoTestCases -->
