<?xml version="1.0" encoding="UTF-8"?>
<!-- Generated by org.testng.reporters.JUnitReportReporter -->
<testsuite hostname="AS-PC-23" failures="0" tests="5" name="testcases.projects.UpdateProjectByIdTestCases" time="0.452" errors="0" timestamp="2025-02-04T11:55:35 IST" skipped="0">
  <testcase classname="testcases.projects.UpdateProjectByIdTestCases" name="verifyUpdateProjectById" time="0.116"/>
  <system-out/>
  <testcase classname="testcases.projects.UpdateProjectByIdTestCases" name="verifyUpdateProjectByIdWithInvalidProjectIds" time="0.185"/>
  <system-out/>
  <testcase classname="testcases.projects.UpdateProjectByIdTestCases" name="verifyUpdateProjectByIdWithInvalidAccessToken" time="0.050"/>
  <system-out/>
  <testcase classname="testcases.projects.UpdateProjectByIdTestCases" name="verifyUpdateProjectByIdWithInvalidTenantId" time="0.055"/>
  <system-out/>
  <testcase classname="testcases.projects.UpdateProjectByIdTestCases" name="verifyUpdateProjectByIdWithoutAccessToken" time="0.046"/>
  <system-out/>
</testsuite> <!-- testcases.projects.UpdateProjectByIdTestCases -->
