<?xml version="1.0" encoding="UTF-8"?>
<!-- Generated by org.testng.reporters.JUnitReportReporter -->
<testsuite hostname="AS-PC-23" failures="0" tests="1" name="testcases.milestones_tasks.UpdateMilestoneTaskTestCases" time="0.606" errors="0" timestamp="2024-07-26T15:26:18 IST" skipped="0">
  <testcase classname="testcases.milestones_tasks.UpdateMilestoneTaskTestCases" name="testUpdateMilestoneTaskInvalidTenantId" time="0.606"/>
  <system-out/>
</testsuite> <!-- testcases.milestones_tasks.UpdateMilestoneTaskTestCases -->
