<?xml version="1.0" encoding="UTF-8"?>
<!-- Generated by org.testng.reporters.JUnitReportReporter -->
<testsuite hostname="AS-PC-23" failures="0" tests="1" name="testcases.projects.GetProjectCardView" time="0.320" errors="0" timestamp="2024-07-16T17:50:25 IST" skipped="0">
  <testcase classname="testcases.projects.GetProjectCardView" name="verifyGetProjectCardView" time="0.320"/>
  <system-out/>
</testsuite> <!-- testcases.projects.GetProjectCardView -->
