<?xml version="1.0" encoding="UTF-8"?>
<!-- Generated by org.testng.reporters.JUnitReportReporter -->
<testsuite hostname="AS-PC-23" failures="0" tests="1" name="testcases.milestones.ConvertTaskToMilestoneTestCases" time="0.128" errors="0" timestamp="2024-07-25T19:31:27 IST" skipped="0">
  <testcase classname="testcases.milestones.ConvertTaskToMilestoneTestCases" name="verifyConvertTaskToMilestoneWithInvalidTenantId" time="0.128"/>
  <system-out/>
</testsuite> <!-- testcases.milestones.ConvertTaskToMilestoneTestCases -->
