<?xml version="1.0" encoding="UTF-8"?>
<!-- Generated by org.testng.reporters.JUnitReportReporter -->
<testsuite hostname="AS-PC-23" failures="0" tests="1" name="testcases.milestones_tasks.DeleteMilestoneTaskTestCases" time="0.113" errors="0" timestamp="2024-07-26T14:26:25 IST" skipped="0">
  <testcase classname="testcases.milestones_tasks.DeleteMilestoneTaskTestCases" name="testDeleteMilestoneTaskWithoutTenantId" time="0.113"/>
  <system-out/>
</testsuite> <!-- testcases.milestones_tasks.DeleteMilestoneTaskTestCases -->
