<?xml version="1.0" encoding="UTF-8"?>
<!-- Generated by org.testng.reporters.JUnitReportReporter -->
<testsuite hostname="AS-PC-23" failures="0" tests="1" name="testcases.milestones.UpdateMilestoneTestCases" time="0.794" errors="0" timestamp="2024-07-25T18:50:20 IST" skipped="0">
  <testcase classname="testcases.milestones.UpdateMilestoneTestCases" name="verifyUpdateMilestone" time="0.794"/>
  <system-out/>
</testsuite> <!-- testcases.milestones.UpdateMilestoneTestCases -->
