<?xml version="1.0" encoding="UTF-8"?>
<!-- Generated by org.testng.reporters.JUnitReportReporter -->
<testsuite hostname="AS-PC-23" failures="0" tests="5" name="testcases.projects.GetProjectManagerTestCases" time="0.273" errors="0" timestamp="2025-02-04T11:55:35 IST" skipped="0">
  <testcase classname="testcases.projects.GetProjectManagerTestCases" name="verifyGetProjectManager" time="0.041"/>
  <system-out/>
  <testcase classname="testcases.projects.GetProjectManagerTestCases" name="verifyGetProjectManagerWithInvalidProjectIds" time="0.123"/>
  <system-out/>
  <testcase classname="testcases.projects.GetProjectManagerTestCases" name="verifyGetProjectManagerWithInvalidAccessToken" time="0.027"/>
  <system-out/>
  <testcase classname="testcases.projects.GetProjectManagerTestCases" name="verifyGetProjectManagerWithInvalidTenantId" time="0.039"/>
  <system-out/>
  <testcase classname="testcases.projects.GetProjectManagerTestCases" name="verifyGetProjectManagerWithoutAccessToken" time="0.043"/>
  <system-out/>
</testsuite> <!-- testcases.projects.GetProjectManagerTestCases -->
