<?xml version="1.0" encoding="UTF-8"?>
<!-- Generated by org.testng.reporters.JUnitReportReporter -->
<testsuite hostname="AS-PC-23" failures="0" tests="1" name="testcases.tasks.GetTaskTestCases" time="0.199" errors="0" timestamp="2024-07-24T11:12:36 IST" skipped="0">
  <testcase classname="testcases.tasks.GetTaskTestCases" name="getTaskInvalidTaskIdABC" time="0.199"/>
  <system-out/>
</testsuite> <!-- testcases.tasks.GetTaskTestCases -->
