<?xml version="1.0" encoding="UTF-8"?>
<!-- Generated by org.testng.reporters.JUnitReportReporter -->
<testsuite hostname="AS-PC-23" failures="0" tests="1" name="testcases.tasks.GetAllTaskTestCases" time="0.184" errors="0" timestamp="2024-07-23T16:45:36 IST" skipped="0">
  <testcase classname="testcases.tasks.GetAllTaskTestCases" name="getAllTasksInvalidTenantId" time="0.184"/>
  <system-out/>
</testsuite> <!-- testcases.tasks.GetAllTaskTestCases -->
