<?xml version="1.0" encoding="UTF-8"?>
<!-- Generated by org.testng.reporters.JUnitReportReporter -->
<testsuite hostname="AS-PC-23" failures="0" tests="1" name="testcases.tasks.GetAllTaskTreeTestCases" time="0.148" errors="0" timestamp="2024-07-23T18:01:05 IST" skipped="0">
  <testcase classname="testcases.tasks.GetAllTaskTreeTestCases" name="getTaskTreeInvalidTenantId" time="0.148"/>
  <system-out/>
</testsuite> <!-- testcases.tasks.GetAllTaskTreeTestCases -->
