<?xml version="1.0" encoding="UTF-8"?>
<!-- Generated by org.testng.reporters.JUnitReportReporter -->
<testsuite hostname="AS-PC-23" failures="0" tests="6" name="testcases.projects.UpdateProjectManagerTestCases" time="2.088" errors="0" timestamp="2025-02-04T11:55:35 IST" skipped="0">
  <testcase classname="testcases.projects.UpdateProjectManagerTestCases" name="verifyUpdateProjectManager" time="0.080"/>
  <system-out/>
  <testcase classname="testcases.projects.UpdateProjectManagerTestCases" name="verifyUpdateProjectManagerWithInvalidProjectId" time="0.152"/>
  <system-out/>
  <testcase classname="testcases.projects.UpdateProjectManagerTestCases" name="verifyUpdateProjectManagerWithInvalidManagerId" time="0.924"/>
  <system-out/>
  <testcase classname="testcases.projects.UpdateProjectManagerTestCases" name="verifyUpdateProjectManagerWithInvalidAccessToken" time="0.039"/>
  <system-out/>
  <testcase classname="testcases.projects.UpdateProjectManagerTestCases" name="verifyUpdateProjectManagerWithInvalidTenantId" time="0.056"/>
  <system-out/>
  <testcase classname="testcases.projects.UpdateProjectManagerTestCases" name="verifyUpdateProjectManagerWithoutAccessToken" time="0.837"/>
  <system-out/>
</testsuite> <!-- testcases.projects.UpdateProjectManagerTestCases -->
