<?xml version="1.0" encoding="UTF-8"?>
<!-- Generated by org.testng.reporters.JUnitReportReporter -->
<testsuite hostname="AS-PC-23" failures="0" tests="1" name="testcases.milestones.GetMilestoneTestCases" time="0.193" errors="0" timestamp="2024-07-25T18:37:29 IST" skipped="0">
  <testcase classname="testcases.milestones.GetMilestoneTestCases" name="testGetMilestonePositiveCase" time="0.193"/>
  <system-out/>
</testsuite> <!-- testcases.milestones.GetMilestoneTestCases -->
