<?xml version="1.0" encoding="UTF-8"?>
<!-- Generated by org.testng.reporters.JUnitReportReporter -->
<testsuite hostname="AS-PC-23" failures="0" tests="6" name="testcases.projectboards.GetProjectBoardByStatusTestCases" time="0.613" errors="0" timestamp="2025-02-04T11:55:35 IST" skipped="0">
  <testcase classname="testcases.projectboards.GetProjectBoardByStatusTestCases" name="verifyGetProjectBoardByStatus" time="0.192"/>
  <system-out/>
  <testcase classname="testcases.projectboards.GetProjectBoardByStatusTestCases" name="verifyGetDoingTasks" time="0.121"/>
  <system-out/>
  <testcase classname="testcases.projectboards.GetProjectBoardByStatusTestCases" name="verifyGetDoneTasks" time="0.106"/>
  <system-out/>
  <testcase classname="testcases.projectboards.GetProjectBoardByStatusTestCases" name="verifyGetProjectBoardByStatusWithInvalidAccessToken" time="0.056"/>
  <system-out/>
  <testcase classname="testcases.projectboards.GetProjectBoardByStatusTestCases" name="verifyGetProjectBoardByStatusWithInvalidTenantId" time="0.063"/>
  <system-out/>
  <testcase classname="testcases.projectboards.GetProjectBoardByStatusTestCases" name="verifyGetProjectBoardByStatusWithoutAccessToken" time="0.075"/>
  <system-out/>
</testsuite> <!-- testcases.projectboards.GetProjectBoardByStatusTestCases -->
