<?xml version="1.0" encoding="UTF-8"?>
<!-- Generated by org.testng.reporters.JUnitReportReporter -->
<testsuite hostname="AS-PC-23" failures="0" tests="1" name="testcases.tasks.GroupTaskTestCases" time="0.587" errors="0" timestamp="2024-07-24T14:03:46 IST" skipped="0">
  <testcase classname="testcases.tasks.GroupTaskTestCases" name="verifyGroupUpdateWithInvalidTenantId" time="0.587"/>
  <system-out/>
</testsuite> <!-- testcases.tasks.GroupTaskTestCases -->
