<?xml version="1.0" encoding="UTF-8"?>
<!-- Generated by org.testng.reporters.JUnitReportReporter -->
<testsuite hostname="AS-PC-23" failures="0" tests="1" name="testcases.milestones_tasks.GetAllMilestoneTaskTestCases" time="0.149" errors="0" timestamp="2024-07-26T13:54:03 IST" skipped="0">
  <testcase classname="testcases.milestones_tasks.GetAllMilestoneTaskTestCases" name="testGetAllMilestoneTasksWithoutTenantId" time="0.149"/>
  <system-out/>
</testsuite> <!-- testcases.milestones_tasks.GetAllMilestoneTaskTestCases -->
