<?xml version="1.0" encoding="UTF-8"?>
<!-- Generated by org.testng.reporters.JUnitReportReporter -->
<testsuite hostname="AS-PC-23" failures="0" tests="1" name="testcases.users.InviteNewUserVerifyTestCases" time="1.873" errors="0" timestamp="2024-08-05T11:38:05 IST" skipped="0">
  <testcase classname="testcases.users.InviteNewUserVerifyTestCases" name="verifyInviteTokenAfterSignUp" time="1.873"/>
  <system-out/>
</testsuite> <!-- testcases.users.InviteNewUserVerifyTestCases -->
