<?xml version="1.0" encoding="UTF-8"?>
<!-- Generated by org.testng.reporters.JUnitReportReporter -->
<testsuite hostname="AS-PC-23" failures="0" tests="1" name="testcases.tasks.GetRecentProjectsTestCases" time="0.141" errors="0" timestamp="2024-07-23T17:36:05 IST" skipped="0">
  <testcase classname="testcases.tasks.GetRecentProjectsTestCases" name="getRecentProjectsInvalidTenantId" time="0.141"/>
  <system-out/>
</testsuite> <!-- testcases.tasks.GetRecentProjectsTestCases -->
